<?xml version="1.0" encoding="UTF-8"?>
<testng-results skipped="0" failed="0" ignored="0" total="2" passed="2">
  <reporter-output>
  </reporter-output>
  <suite name="Suite" duration-ms="140504" started-at="2017-12-22T10:20:25Z" finished-at="2017-12-22T10:22:45Z">
    <groups>
    </groups>
    <test name="Test" duration-ms="140504" started-at="2017-12-22T10:20:25Z" finished-at="2017-12-22T10:22:45Z">
      <class name="leaftaps.contact.test.CreateLead">
        <test-method status="PASS" signature="login(java.lang.String, java.lang.String, java.lang.String, java.lang.String)[pri:0, instance:leaftaps.contact.test.CreateLead@2d928643]" name="login" is-config="true" duration-ms="28354" started-at="2017-12-22T15:50:25Z" finished-at="2017-12-22T15:50:54Z">
          <params>
            <param index="0">
              <value>
                <![CDATA[chrome]]>
              </value>
            </param>
            <param index="1">
              <value>
                <![CDATA[http://leaftaps.com/opentaps]]>
              </value>
            </param>
            <param index="2">
              <value>
                <![CDATA[DemoSalesManager]]>
              </value>
            </param>
            <param index="3">
              <value>
                <![CDATA[crmsfa]]>
              </value>
            </param>
          </params>
          <reporter-output>
          </reporter-output>
        </test-method> <!-- login -->
        <test-method status="PASS" signature="creatingLead(java.lang.String, java.lang.String, java.lang.String, java.lang.String, java.lang.String)[pri:0, instance:leaftaps.contact.test.CreateLead@2d928643]" name="creatingLead" duration-ms="10626" started-at="2017-12-22T15:50:54Z" data-provider="fetchData" finished-at="2017-12-22T15:51:04Z">
          <params>
            <param index="0">
              <value>
                <![CDATA[Moolya]]>
              </value>
            </param>
            <param index="1">
              <value>
                <![CDATA[Sritam]]>
              </value>
            </param>
            <param index="2">
              <value>
                <![CDATA[Singh]]>
              </value>
            </param>
            <param index="3">
              <value>
                <![CDATA[singh@gmail.com]]>
              </value>
            </param>
            <param index="4">
              <value>
                <![CDATA[987]]>
              </value>
            </param>
          </params>
          <reporter-output>
          </reporter-output>
        </test-method> <!-- creatingLead -->
        <test-method status="PASS" signature="closingBrowser()[pri:0, instance:leaftaps.contact.test.CreateLead@2d928643]" name="closingBrowser" is-config="true" duration-ms="2213" started-at="2017-12-22T15:51:04Z" finished-at="2017-12-22T15:51:07Z">
          <reporter-output>
          </reporter-output>
        </test-method> <!-- closingBrowser -->
        <test-method status="PASS" signature="login(java.lang.String, java.lang.String, java.lang.String, java.lang.String)[pri:0, instance:leaftaps.contact.test.CreateLead@2d928643]" name="login" is-config="true" duration-ms="15805" started-at="2017-12-22T15:51:07Z" finished-at="2017-12-22T15:51:22Z">
          <params>
            <param index="0">
              <value>
                <![CDATA[chrome]]>
              </value>
            </param>
            <param index="1">
              <value>
                <![CDATA[http://leaftaps.com/opentaps]]>
              </value>
            </param>
            <param index="2">
              <value>
                <![CDATA[DemoSalesManager]]>
              </value>
            </param>
            <param index="3">
              <value>
                <![CDATA[crmsfa]]>
              </value>
            </param>
          </params>
          <reporter-output>
          </reporter-output>
        </test-method> <!-- login -->
        <test-method status="PASS" signature="creatingLead(java.lang.String, java.lang.String, java.lang.String, java.lang.String, java.lang.String)[pri:0, instance:leaftaps.contact.test.CreateLead@2d928643]" name="creatingLead" duration-ms="82577" started-at="2017-12-22T15:51:22Z" data-provider="fetchData" finished-at="2017-12-22T15:52:45Z">
          <params>
            <param index="0">
              <value>
                <![CDATA[Moolya]]>
              </value>
            </param>
            <param index="1">
              <value>
                <![CDATA[Jonty]]>
              </value>
            </param>
            <param index="2">
              <value>
                <![CDATA[Lee]]>
              </value>
            </param>
            <param index="3">
              <value>
                <![CDATA[lee@gmail.com]]>
              </value>
            </param>
            <param index="4">
              <value>
                <![CDATA[987654]]>
              </value>
            </param>
          </params>
          <reporter-output>
          </reporter-output>
        </test-method> <!-- creatingLead -->
        <test-method status="PASS" signature="closingBrowser()[pri:0, instance:leaftaps.contact.test.CreateLead@2d928643]" name="closingBrowser" is-config="true" duration-ms="127" started-at="2017-12-22T15:52:45Z" finished-at="2017-12-22T15:52:45Z">
          <reporter-output>
          </reporter-output>
        </test-method> <!-- closingBrowser -->
      </class> <!-- leaftaps.contact.test.CreateLead -->
    </test> <!-- Test -->
  </suite> <!-- Suite -->
</testng-results>
